<?xml version="1.0" encoding="UTF-8"?>
<!-- Generated by org.testng.reporters.JUnitReportReporter -->
<testsuite hostname="DESKTOP-BP612FB" failures="0" tests="1" name="com.BootCamp.Part2.TestCases.SearchProductTest" time="6.240" errors="0" timestamp="2024-07-26T20:36:16 EDT" skipped="0">
  <testcase classname="com.BootCamp.Part2.TestCases.SearchProductTest" name="validProductsearch" time="6.240"/>
</testsuite> <!-- com.BootCamp.Part2.TestCases.SearchProductTest -->
