<?xml version="1.0" encoding="UTF-8"?>
<!-- Generated by org.testng.reporters.JUnitReportReporter -->
<testsuite hostname="DESKTOP-BP612FB" failures="0" tests="1" name="com.BootCamp.Part2.TestCases.RegisterTest" time="7.241" errors="0" timestamp="2024-07-26T20:36:16 EDT" skipped="0">
  <testcase classname="com.BootCamp.Part2.TestCases.RegisterTest" name="registerWithValidCredential" time="7.241"/>
</testsuite> <!-- com.BootCamp.Part2.TestCases.RegisterTest -->
