<?xml version="1.0" encoding="UTF-8"?>
<!-- Generated by org.testng.reporters.JUnitReportReporter -->
<testsuite hostname="DESKTOP-BP612FB" failures="0" tests="1" name="com.BootCamp.Part2.TestCases.LoginTest" time="6.925" errors="0" timestamp="2024-07-26T20:36:16 EDT" skipped="0">
  <testcase classname="com.BootCamp.Part2.TestCases.LoginTest" name="loginWithvalidCredentials" time="6.925"/>
</testsuite> <!-- com.BootCamp.Part2.TestCases.LoginTest -->
