<?xml version="1.0" encoding="UTF-8"?>
<!-- Generated by org.testng.reporters.JUnitReportReporter -->
<testsuite hostname="DESKTOP-BP612FB" failures="0" tests="1" name="com.BootCamp.Part2.TestCases.SearchProductTest" time="7.623" errors="0" timestamp="2024-07-27T12:28:43 EDT" skipped="0">
  <testcase classname="com.BootCamp.Part2.TestCases.SearchProductTest" name="validProductsearch" time="7.623"/>
</testsuite> <!-- com.BootCamp.Part2.TestCases.SearchProductTest -->
